<?xml version="1.0" encoding="UTF-8"?>
<!-- Generated by org.testng.reporters.JUnitReportReporter -->
<testsuite skipped="0" hostname="DESKTOP-UNPT6K2" name="com.glaucus.qa.testcases.SalesOrder_Page_Test" tests="1" failures="0" timestamp="03 Feb 2020 06:49:38 GMT" time="43.377" errors="0">
  <testcase name="AddOrderButtonClickTest" time="43.377" classname="com.glaucus.qa.testcases.SalesOrder_Page_Test"/>
</testsuite> <!-- com.glaucus.qa.testcases.SalesOrder_Page_Test -->
