<?xml version="1.0" encoding="UTF-8"?>
<!-- Generated by org.testng.reporters.JUnitReportReporter -->
<testsuite skipped="3" hostname="DESKTOP-UNPT6K2" name="com.glaucus.qa.testcases.AddOrder_Page_Test" tests="4" failures="0" timestamp="06 Feb 2020 13:39:14 GMT" time="17.262" errors="1">
  <testcase name="seeAllCustomerNamesTest" time="17.262" classname="com.glaucus.qa.testcases.AddOrder_Page_Test">
    <error type="java.lang.NullPointerException">
      <![CDATA[java.lang.NullPointerException
at com.glaucus.qa.pages.AddOrder.seeallCustomerNames(AddOrder.java:144)
at com.glaucus.qa.testcases.AddOrder_Page_Test.seeAllCustomerNamesTest(AddOrder_Page_Test.java:58)
at sun.reflect.NativeMethodAccessorImpl.invoke0(Native Method)
at sun.reflect.NativeMethodAccessorImpl.invoke(Unknown Source)
at sun.reflect.DelegatingMethodAccessorImpl.invoke(Unknown Source)
at java.lang.reflect.Method.invoke(Unknown Source)
at org.testng.internal.MethodInvocationHelper.invokeMethod(MethodInvocationHelper.java:124)
at org.testng.internal.Invoker.invokeMethod(Invoker.java:580)
at org.testng.internal.Invoker.invokeTestMethod(Invoker.java:716)
at org.testng.internal.Invoker.invokeTestMethods(Invoker.java:988)
at org.testng.internal.TestMethodWorker.invokeTestMethods(TestMethodWorker.java:125)
at org.testng.internal.TestMethodWorker.run(TestMethodWorker.java:109)
at java.util.concurrent.ThreadPoolExecutor.runWorker(Unknown Source)
at java.util.concurrent.ThreadPoolExecutor$Worker.run(Unknown Source)
at java.lang.Thread.run(Unknown Source)
]]>
    </error>
  </testcase> <!-- seeAllCustomerNamesTest -->
  <testcase name="checkCancelButton" classname="com.glaucus.qa.testcases.AddOrder_Page_Test">
    <skipped/>
  </testcase> <!-- checkCancelButton -->
  <testcase name="closeAddOrderTest" classname="com.glaucus.qa.testcases.AddOrder_Page_Test">
    <skipped/>
  </testcase> <!-- closeAddOrderTest -->
  <testcase name="checkSeeAllCustomerButton" classname="com.glaucus.qa.testcases.AddOrder_Page_Test">
    <skipped/>
  </testcase> <!-- checkSeeAllCustomerButton -->
</testsuite> <!-- com.glaucus.qa.testcases.AddOrder_Page_Test -->
